<?xml version="1.0" encoding="UTF-8"?>
<testsuite xmlns:xsi="http://www.w3.org/2001/XMLSchema-instance" xsi:noNamespaceSchemaLocation="https://maven.apache.org/surefire/maven-surefire-plugin/xsd/surefire-test-report.xsd" name="ufv.dis.final2020.SLG.SlgApplicationTests" time="4.208" tests="1" errors="0" skipped="0" failures="0">
  <properties>
    <property name="java.specification.version" value="15"/>
    <property name="sun.jnu.encoding" value="UTF-8"/>
    <property name="java.class.path" value="/Users/sergiolg99/Documents/UFV/DIS_FINAL/Practica/Examen/ExamenFinaOrd/target/test-classes:/Users/sergiolg99/Documents/UFV/DIS_FINAL/Practica/Examen/ExamenFinaOrd/target/classes:/Users/sergiolg99/.m2/repository/com/vaadin/vaadin-spring-boot-starter/18.0.5/vaadin-spring-boot-starter-18.0.5.jar:/Users/sergiolg99/.m2/repository/com/vaadin/vaadin-spring/15.0.2/vaadin-spring-15.0.2.jar:/Users/sergiolg99/.m2/repository/com/vaadin/flow-server/5.0.2/flow-server-5.0.2.jar:/Users/sergiolg99/.m2/repository/com/vaadin/external/gwt/gwt-elemental/2.8.2.vaadin2/gwt-elemental-2.8.2.vaadin2.jar:/Users/sergiolg99/.m2/repository/commons-fileupload/commons-fileupload/1.3.3/commons-fileupload-1.3.3.jar:/Users/sergiolg99/.m2/repository/commons-io/commons-io/2.5/commons-io-2.5.jar:/Users/sergiolg99/.m2/repository/org/jsoup/jsoup/1.12.1/jsoup-1.12.1.jar:/Users/sergiolg99/.m2/repository/com/helger/ph-css/6.1.1/ph-css-6.1.1.jar:/Users/sergiolg99/.m2/repository/com/helger/ph-commons/9.1.2/ph-commons-9.1.2.jar:/Users/sergiolg99/.m2/repository/com/vaadin/external/gentyref/1.2.0.vaadin1/gentyref-1.2.0.vaadin1.jar:/Users/sergiolg99/.m2/repository/org/apache/commons/commons-compress/1.19/commons-compress-1.19.jar:/Users/sergiolg99/.m2/repository/org/apache/httpcomponents/httpclient/4.5.13/httpclient-4.5.13.jar:/Users/sergiolg99/.m2/repository/org/apache/httpcomponents/httpcore/4.4.14/httpcore-4.4.14.jar:/Users/sergiolg99/.m2/repository/commons-codec/commons-codec/1.15/commons-codec-1.15.jar:/Users/sergiolg99/.m2/repository/javax/validation/validation-api/2.0.1.Final/validation-api-2.0.1.Final.jar:/Users/sergiolg99/.m2/repository/com/fasterxml/jackson/core/jackson-annotations/2.11.4/jackson-annotations-2.11.4.jar:/Users/sergiolg99/.m2/repository/com/fasterxml/jackson/core/jackson-core/2.11.4/jackson-core-2.11.4.jar:/Users/sergiolg99/.m2/repository/com/fasterxml/jackson/core/jackson-databind/2.11.4/jackson-databind-2.11.4.jar:/Users/sergiolg99/.m2/repository/com/fasterxml/jackson/datatype/jackson-datatype-jsr310/2.11.4/jackson-datatype-jsr310-2.11.4.jar:/Users/sergiolg99/.m2/repository/javax/annotation/javax.annotation-api/1.3.2/javax.annotation-api-1.3.2.jar:/Users/sergiolg99/.m2/repository/com/github/javaparser/javaparser-symbol-solver-core/3.15.1/javaparser-symbol-solver-core-3.15.1.jar:/Users/sergiolg99/.m2/repository/com/github/javaparser/javaparser-symbol-solver-logic/3.15.1/javaparser-symbol-solver-logic-3.15.1.jar:/Users/sergiolg99/.m2/repository/com/github/javaparser/javaparser-symbol-solver-model/3.15.1/javaparser-symbol-solver-model-3.15.1.jar:/Users/sergiolg99/.m2/repository/com/github/javaparser/javaparser-core/3.15.1/javaparser-core-3.15.1.jar:/Users/sergiolg99/.m2/repository/com/google/guava/guava/27.0-jre/guava-27.0-jre.jar:/Users/sergiolg99/.m2/repository/com/google/guava/failureaccess/1.0/failureaccess-1.0.jar:/Users/sergiolg99/.m2/repository/com/google/guava/listenablefuture/9999.0-empty-to-avoid-conflict-with-guava/listenablefuture-9999.0-empty-to-avoid-conflict-with-guava.jar:/Users/sergiolg99/.m2/repository/com/google/code/findbugs/jsr305/3.0.2/jsr305-3.0.2.jar:/Users/sergiolg99/.m2/repository/com/google/errorprone/error_prone_annotations/2.2.0/error_prone_annotations-2.2.0.jar:/Users/sergiolg99/.m2/repository/com/google/j2objc/j2objc-annotations/1.1/j2objc-annotations-1.1.jar:/Users/sergiolg99/.m2/repository/org/codehaus/mojo/animal-sniffer-annotations/1.17/animal-sniffer-annotations-1.17.jar:/Users/sergiolg99/.m2/repository/io/swagger/codegen/v3/swagger-codegen/3.0.2/swagger-codegen-3.0.2.jar:/Users/sergiolg99/.m2/repository/io/swagger/core/v3/swagger-models/2.0.4/swagger-models-2.0.4.jar:/Users/sergiolg99/.m2/repository/io/swagger/swagger-parser/1.0.39/swagger-parser-1.0.39.jar:/Users/sergiolg99/.m2/repository/io/swagger/swagger-core/1.5.21/swagger-core-1.5.21.jar:/Users/sergiolg99/.m2/repository/io/swagger/swagger-models/1.5.21/swagger-models-1.5.21.jar:/Users/sergiolg99/.m2/repository/io/swagger/swagger-annotations/1.5.21/swagger-annotations-1.5.21.jar:/Users/sergiolg99/.m2/repository/io/swagger/core/v3/swagger-core/2.0.4/swagger-core-2.0.4.jar:/Users/sergiolg99/.m2/repository/javax/xml/bind/jaxb-api/2.3.1/jaxb-api-2.3.1.jar:/Users/sergiolg99/.m2/repository/javax/activation/javax.activation-api/1.2.0/javax.activation-api-1.2.0.jar:/Users/sergiolg99/.m2/repository/com/fasterxml/jackson/dataformat/jackson-dataformat-yaml/2.11.4/jackson-dataformat-yaml-2.11.4.jar:/Users/sergiolg99/.m2/repository/io/swagger/core/v3/swagger-annotations/2.0.4/swagger-annotations-2.0.4.jar:/Users/sergiolg99/.m2/repository/io/swagger/parser/v3/swagger-parser-core/2.0.5/swagger-parser-core-2.0.5.jar:/Users/sergiolg99/.m2/repository/io/swagger/parser/v3/swagger-parser-v3/2.0.5/swagger-parser-v3-2.0.5.jar:/Users/sergiolg99/.m2/repository/io/swagger/parser/v3/swagger-parser/2.0.5/swagger-parser-2.0.5.jar:/Users/sergiolg99/.m2/repository/io/swagger/parser/v3/swagger-parser-v2-converter/2.0.5/swagger-parser-v2-converter-2.0.5.jar:/Users/sergiolg99/.m2/repository/io/swagger/swagger-codegen/2.3.1/swagger-codegen-2.3.1.jar:/Users/sergiolg99/.m2/repository/io/swagger/swagger-compat-spec-parser/1.0.33/swagger-compat-spec-parser-1.0.33.jar:/Users/sergiolg99/.m2/repository/com/github/java-json-tools/json-schema-validator/2.2.8/json-schema-validator-2.2.8.jar:/Users/sergiolg99/.m2/repository/com/github/java-json-tools/json-schema-core/1.2.8/json-schema-core-1.2.8.jar:/Users/sergiolg99/.m2/repository/com/github/fge/uri-template/0.9/uri-template-0.9.jar:/Users/sergiolg99/.m2/repository/javax/mail/mailapi/1.4.3/mailapi-1.4.3.jar:/Users/sergiolg99/.m2/repository/javax/activation/activation/1.1/activation-1.1.jar:/Users/sergiolg99/.m2/repository/joda-time/joda-time/2.9.7/joda-time-2.9.7.jar:/Users/sergiolg99/.m2/repository/com/googlecode/libphonenumber/libphonenumber/8.0.0/libphonenumber-8.0.0.jar:/Users/sergiolg99/.m2/repository/net/sf/jopt-simple/jopt-simple/5.0.3/jopt-simple-5.0.3.jar:/Users/sergiolg99/.m2/repository/com/github/fge/json-patch/1.6/json-patch-1.6.jar:/Users/sergiolg99/.m2/repository/com/github/fge/jackson-coreutils/1.6/jackson-coreutils-1.6.jar:/Users/sergiolg99/.m2/repository/com/github/fge/msg-simple/1.1/msg-simple-1.1.jar:/Users/sergiolg99/.m2/repository/com/github/fge/btf/1.2/btf-1.2.jar:/Users/sergiolg99/.m2/repository/com/samskivert/jmustache/1.15/jmustache-1.15.jar:/Users/sergiolg99/.m2/repository/org/slf4j/slf4j-ext/1.7.30/slf4j-ext-1.7.30.jar:/Users/sergiolg99/.m2/repository/commons-cli/commons-cli/1.2/commons-cli-1.2.jar:/Users/sergiolg99/.m2/repository/com/github/jknack/handlebars/4.0.6/handlebars-4.0.6.jar:/Users/sergiolg99/.m2/repository/org/antlr/antlr4-runtime/4.5.1-1/antlr4-runtime-4.5.1-1.jar:/Users/sergiolg99/.m2/repository/org/mozilla/rhino/1.7R4/rhino-1.7R4.jar:/Users/sergiolg99/.m2/repository/com/atlassian/commonmark/commonmark/0.9.0/commonmark-0.9.0.jar:/Users/sergiolg99/.m2/repository/io/swagger/codegen/v3/swagger-codegen-generators/1.0.2/swagger-codegen-generators-1.0.2.jar:/Users/sergiolg99/.m2/repository/com/vaadin/flow-push/5.0.2/flow-push-5.0.2.jar:/Users/sergiolg99/.m2/repository/com/vaadin/external/atmosphere/atmosphere-runtime/2.4.30.slf4jvaadin1/atmosphere-runtime-2.4.30.slf4jvaadin1.jar:/Users/sergiolg99/.m2/repository/com/vaadin/flow-client/5.0.2/flow-client-5.0.2.jar:/Users/sergiolg99/.m2/repository/org/springframework/spring-webmvc/5.3.3/spring-webmvc-5.3.3.jar:/Users/sergiolg99/.m2/repository/org/springframework/spring-expression/5.3.3/spring-expression-5.3.3.jar:/Users/sergiolg99/.m2/repository/org/springframework/spring-websocket/5.3.3/spring-websocket-5.3.3.jar:/Users/sergiolg99/.m2/repository/org/hibernate/validator/hibernate-validator/6.1.7.Final/hibernate-validator-6.1.7.Final.jar:/Users/sergiolg99/.m2/repository/jakarta/validation/jakarta.validation-api/2.0.2/jakarta.validation-api-2.0.2.jar:/Users/sergiolg99/.m2/repository/com/vaadin/vaadin-core/18.0.5/vaadin-core-18.0.5.jar:/Users/sergiolg99/.m2/repository/com/vaadin/flow-lit-template/5.0.2/flow-lit-template-5.0.2.jar:/Users/sergiolg99/.m2/repository/com/vaadin/flow-polymer-template/5.0.2/flow-polymer-template-5.0.2.jar:/Users/sergiolg99/.m2/repository/com/vaadin/flow-html-components/5.0.2/flow-html-components-5.0.2.jar:/Users/sergiolg99/.m2/repository/com/vaadin/flow-data/5.0.2/flow-data-5.0.2.jar:/Users/sergiolg99/.m2/repository/com/vaadin/flow-dnd/5.0.2/flow-dnd-5.0.2.jar:/Users/sergiolg99/.m2/repository/org/webjars/npm/vaadin__vaadin-mobile-drag-drop/1.0.0/vaadin__vaadin-mobile-drag-drop-1.0.0.jar:/Users/sergiolg99/.m2/repository/org/webjars/npm/mobile-drag-drop/2.3.0-rc.1/mobile-drag-drop-2.3.0-rc.1.jar:/Users/sergiolg99/.m2/repository/com/vaadin/vaadin-lumo-theme/5.0.2/vaadin-lumo-theme-5.0.2.jar:/Users/sergiolg99/.m2/repository/com/vaadin/vaadin-material-theme/5.0.2/vaadin-material-theme-5.0.2.jar:/Users/sergiolg99/.m2/repository/com/vaadin/vaadin-accordion-flow/18.0.5/vaadin-accordion-flow-18.0.5.jar:/Users/sergiolg99/.m2/repository/com/vaadin/vaadin-avatar-flow/18.0.5/vaadin-avatar-flow-18.0.5.jar:/Users/sergiolg99/.m2/repository/com/vaadin/vaadin-button-flow/18.0.5/vaadin-button-flow-18.0.5.jar:/Users/sergiolg99/.m2/repository/com/vaadin/vaadin-checkbox-flow/18.0.5/vaadin-checkbox-flow-18.0.5.jar:/Users/sergiolg99/.m2/repository/com/vaadin/vaadin-combo-box-flow/18.0.5/vaadin-combo-box-flow-18.0.5.jar:/Users/sergiolg99/.m2/repository/com/vaadin/vaadin-custom-field-flow/18.0.5/vaadin-custom-field-flow-18.0.5.jar:/Users/sergiolg99/.m2/repository/com/vaadin/vaadin-date-picker-flow/18.0.5/vaadin-date-picker-flow-18.0.5.jar:/Users/sergiolg99/.m2/repository/com/vaadin/vaadin-date-time-picker-flow/18.0.5/vaadin-date-time-picker-flow-18.0.5.jar:/Users/sergiolg99/.m2/repository/com/vaadin/vaadin-details-flow/18.0.5/vaadin-details-flow-18.0.5.jar:/Users/sergiolg99/.m2/repository/com/vaadin/vaadin-time-picker-flow/18.0.5/vaadin-time-picker-flow-18.0.5.jar:/Users/sergiolg99/.m2/repository/com/vaadin/vaadin-select-flow/18.0.5/vaadin-select-flow-18.0.5.jar:/Users/sergiolg99/.m2/repository/com/vaadin/vaadin-dialog-flow/18.0.5/vaadin-dialog-flow-18.0.5.jar:/Users/sergiolg99/.m2/repository/com/vaadin/vaadin-form-layout-flow/18.0.5/vaadin-form-layout-flow-18.0.5.jar:/Users/sergiolg99/.m2/repository/com/vaadin/vaadin-grid-flow/18.0.5/vaadin-grid-flow-18.0.5.jar:/Users/sergiolg99/.m2/repository/org/apache/commons/commons-lang3/3.11/commons-lang3-3.11.jar:/Users/sergiolg99/.m2/repository/com/vaadin/vaadin-icons-flow/18.0.5/vaadin-icons-flow-18.0.5.jar:/Users/sergiolg99/.m2/repository/com/vaadin/vaadin-iron-list-flow/18.0.5/vaadin-iron-list-flow-18.0.5.jar:/Users/sergiolg99/.m2/repository/com/vaadin/vaadin-list-box-flow/18.0.5/vaadin-list-box-flow-18.0.5.jar:/Users/sergiolg99/.m2/repository/com/vaadin/vaadin-login-flow/18.0.5/vaadin-login-flow-18.0.5.jar:/Users/sergiolg99/.m2/repository/com/vaadin/vaadin-ordered-layout-flow/18.0.5/vaadin-ordered-layout-flow-18.0.5.jar:/Users/sergiolg99/.m2/repository/com/vaadin/vaadin-progress-bar-flow/18.0.5/vaadin-progress-bar-flow-18.0.5.jar:/Users/sergiolg99/.m2/repository/com/vaadin/vaadin-radio-button-flow/18.0.5/vaadin-radio-button-flow-18.0.5.jar:/Users/sergiolg99/.m2/repository/com/vaadin/vaadin-split-layout-flow/18.0.5/vaadin-split-layout-flow-18.0.5.jar:/Users/sergiolg99/.m2/repository/com/vaadin/vaadin-tabs-flow/18.0.5/vaadin-tabs-flow-18.0.5.jar:/Users/sergiolg99/.m2/repository/com/vaadin/vaadin-text-field-flow/18.0.5/vaadin-text-field-flow-18.0.5.jar:/Users/sergiolg99/.m2/repository/com/vaadin/vaadin-upload-flow/18.0.5/vaadin-upload-flow-18.0.5.jar:/Users/sergiolg99/.m2/repository/com/vaadin/vaadin-notification-flow/18.0.5/vaadin-notification-flow-18.0.5.jar:/Users/sergiolg99/.m2/repository/com/vaadin/vaadin-app-layout-flow/18.0.5/vaadin-app-layout-flow-18.0.5.jar:/Users/sergiolg99/.m2/repository/com/vaadin/vaadin-context-menu-flow/18.0.5/vaadin-context-menu-flow-18.0.5.jar:/Users/sergiolg99/.m2/repository/com/vaadin/vaadin-menu-bar-flow/18.0.5/vaadin-menu-bar-flow-18.0.5.jar:/Users/sergiolg99/.m2/repository/org/springframework/boot/spring-boot-starter-web/2.4.2/spring-boot-starter-web-2.4.2.jar:/Users/sergiolg99/.m2/repository/org/springframework/boot/spring-boot-starter-json/2.4.2/spring-boot-starter-json-2.4.2.jar:/Users/sergiolg99/.m2/repository/com/fasterxml/jackson/datatype/jackson-datatype-jdk8/2.11.4/jackson-datatype-jdk8-2.11.4.jar:/Users/sergiolg99/.m2/repository/com/fasterxml/jackson/module/jackson-module-parameter-names/2.11.4/jackson-module-parameter-names-2.11.4.jar:/Users/sergiolg99/.m2/repository/org/springframework/boot/spring-boot-starter-tomcat/2.4.2/spring-boot-starter-tomcat-2.4.2.jar:/Users/sergiolg99/.m2/repository/org/apache/tomcat/embed/tomcat-embed-core/9.0.41/tomcat-embed-core-9.0.41.jar:/Users/sergiolg99/.m2/repository/org/glassfish/jakarta.el/3.0.3/jakarta.el-3.0.3.jar:/Users/sergiolg99/.m2/repository/org/apache/tomcat/embed/tomcat-embed-websocket/9.0.41/tomcat-embed-websocket-9.0.41.jar:/Users/sergiolg99/.m2/repository/org/springframework/spring-web/5.3.3/spring-web-5.3.3.jar:/Users/sergiolg99/.m2/repository/com/h2database/h2/1.4.200/h2-1.4.200.jar:/Users/sergiolg99/.m2/repository/com/google/code/gson/gson/2.8.5/gson-2.8.5.jar:/Users/sergiolg99/.m2/repository/javax/xml/stream/stax-api/1.0-2/stax-api-1.0-2.jar:/Users/sergiolg99/.m2/repository/org/jetbrains/annotations-java5/20.1.0/annotations-java5-20.1.0.jar:/Users/sergiolg99/.m2/repository/org/springframework/boot/spring-boot-starter-test/2.4.2/spring-boot-starter-test-2.4.2.jar:/Users/sergiolg99/.m2/repository/org/springframework/boot/spring-boot-starter/2.4.2/spring-boot-starter-2.4.2.jar:/Users/sergiolg99/.m2/repository/org/springframework/boot/spring-boot/2.4.2/spring-boot-2.4.2.jar:/Users/sergiolg99/.m2/repository/org/springframework/boot/spring-boot-autoconfigure/2.4.2/spring-boot-autoconfigure-2.4.2.jar:/Users/sergiolg99/.m2/repository/org/springframework/boot/spring-boot-starter-logging/2.4.2/spring-boot-starter-logging-2.4.2.jar:/Users/sergiolg99/.m2/repository/ch/qos/logback/logback-classic/1.2.3/logback-classic-1.2.3.jar:/Users/sergiolg99/.m2/repository/ch/qos/logback/logback-core/1.2.3/logback-core-1.2.3.jar:/Users/sergiolg99/.m2/repository/org/apache/logging/log4j/log4j-to-slf4j/2.13.3/log4j-to-slf4j-2.13.3.jar:/Users/sergiolg99/.m2/repository/org/apache/logging/log4j/log4j-api/2.13.3/log4j-api-2.13.3.jar:/Users/sergiolg99/.m2/repository/org/slf4j/jul-to-slf4j/1.7.30/jul-to-slf4j-1.7.30.jar:/Users/sergiolg99/.m2/repository/jakarta/annotation/jakarta.annotation-api/1.3.5/jakarta.annotation-api-1.3.5.jar:/Users/sergiolg99/.m2/repository/org/yaml/snakeyaml/1.27/snakeyaml-1.27.jar:/Users/sergiolg99/.m2/repository/org/springframework/boot/spring-boot-test/2.4.2/spring-boot-test-2.4.2.jar:/Users/sergiolg99/.m2/repository/org/springframework/boot/spring-boot-test-autoconfigure/2.4.2/spring-boot-test-autoconfigure-2.4.2.jar:/Users/sergiolg99/.m2/repository/com/jayway/jsonpath/json-path/2.4.0/json-path-2.4.0.jar:/Users/sergiolg99/.m2/repository/net/minidev/json-smart/2.3/json-smart-2.3.jar:/Users/sergiolg99/.m2/repository/net/minidev/accessors-smart/1.2/accessors-smart-1.2.jar:/Users/sergiolg99/.m2/repository/org/ow2/asm/asm/5.0.4/asm-5.0.4.jar:/Users/sergiolg99/.m2/repository/org/slf4j/slf4j-api/1.7.30/slf4j-api-1.7.30.jar:/Users/sergiolg99/.m2/repository/jakarta/xml/bind/jakarta.xml.bind-api/2.3.3/jakarta.xml.bind-api-2.3.3.jar:/Users/sergiolg99/.m2/repository/jakarta/activation/jakarta.activation-api/1.2.2/jakarta.activation-api-1.2.2.jar:/Users/sergiolg99/.m2/repository/org/assertj/assertj-core/3.18.1/assertj-core-3.18.1.jar:/Users/sergiolg99/.m2/repository/org/hamcrest/hamcrest/2.2/hamcrest-2.2.jar:/Users/sergiolg99/.m2/repository/org/junit/jupiter/junit-jupiter/5.7.0/junit-jupiter-5.7.0.jar:/Users/sergiolg99/.m2/repository/org/junit/jupiter/junit-jupiter-api/5.7.0/junit-jupiter-api-5.7.0.jar:/Users/sergiolg99/.m2/repository/org/apiguardian/apiguardian-api/1.1.0/apiguardian-api-1.1.0.jar:/Users/sergiolg99/.m2/repository/org/opentest4j/opentest4j/1.2.0/opentest4j-1.2.0.jar:/Users/sergiolg99/.m2/repository/org/junit/platform/junit-platform-commons/1.7.0/junit-platform-commons-1.7.0.jar:/Users/sergiolg99/.m2/repository/org/junit/jupiter/junit-jupiter-params/5.7.0/junit-jupiter-params-5.7.0.jar:/Users/sergiolg99/.m2/repository/org/junit/jupiter/junit-jupiter-engine/5.7.0/junit-jupiter-engine-5.7.0.jar:/Users/sergiolg99/.m2/repository/org/junit/platform/junit-platform-engine/1.7.0/junit-platform-engine-1.7.0.jar:/Users/sergiolg99/.m2/repository/org/mockito/mockito-core/3.6.28/mockito-core-3.6.28.jar:/Users/sergiolg99/.m2/repository/net/bytebuddy/byte-buddy/1.10.19/byte-buddy-1.10.19.jar:/Users/sergiolg99/.m2/repository/net/bytebuddy/byte-buddy-agent/1.10.19/byte-buddy-agent-1.10.19.jar:/Users/sergiolg99/.m2/repository/org/objenesis/objenesis/3.1/objenesis-3.1.jar:/Users/sergiolg99/.m2/repository/org/mockito/mockito-junit-jupiter/3.6.28/mockito-junit-jupiter-3.6.28.jar:/Users/sergiolg99/.m2/repository/org/skyscreamer/jsonassert/1.5.0/jsonassert-1.5.0.jar:/Users/sergiolg99/.m2/repository/com/vaadin/external/google/android-json/0.0.20131108.vaadin1/android-json-0.0.20131108.vaadin1.jar:/Users/sergiolg99/.m2/repository/org/springframework/spring-core/5.3.3/spring-core-5.3.3.jar:/Users/sergiolg99/.m2/repository/org/springframework/spring-jcl/5.3.3/spring-jcl-5.3.3.jar:/Users/sergiolg99/.m2/repository/org/springframework/spring-test/5.3.3/spring-test-5.3.3.jar:/Users/sergiolg99/.m2/repository/org/xmlunit/xmlunit-core/2.7.0/xmlunit-core-2.7.0.jar:/Users/sergiolg99/.m2/repository/org/springframework/boot/spring-boot-starter-data-jpa/2.4.2/spring-boot-starter-data-jpa-2.4.2.jar:/Users/sergiolg99/.m2/repository/org/springframework/boot/spring-boot-starter-aop/2.4.2/spring-boot-starter-aop-2.4.2.jar:/Users/sergiolg99/.m2/repository/org/springframework/spring-aop/5.3.3/spring-aop-5.3.3.jar:/Users/sergiolg99/.m2/repository/org/aspectj/aspectjweaver/1.9.6/aspectjweaver-1.9.6.jar:/Users/sergiolg99/.m2/repository/org/springframework/boot/spring-boot-starter-jdbc/2.4.2/spring-boot-starter-jdbc-2.4.2.jar:/Users/sergiolg99/.m2/repository/com/zaxxer/HikariCP/3.4.5/HikariCP-3.4.5.jar:/Users/sergiolg99/.m2/repository/org/springframework/spring-jdbc/5.3.3/spring-jdbc-5.3.3.jar:/Users/sergiolg99/.m2/repository/jakarta/transaction/jakarta.transaction-api/1.3.3/jakarta.transaction-api-1.3.3.jar:/Users/sergiolg99/.m2/repository/jakarta/persistence/jakarta.persistence-api/2.2.3/jakarta.persistence-api-2.2.3.jar:/Users/sergiolg99/.m2/repository/org/hibernate/hibernate-core/5.4.27.Final/hibernate-core-5.4.27.Final.jar:/Users/sergiolg99/.m2/repository/org/jboss/logging/jboss-logging/3.4.1.Final/jboss-logging-3.4.1.Final.jar:/Users/sergiolg99/.m2/repository/org/javassist/javassist/3.27.0-GA/javassist-3.27.0-GA.jar:/Users/sergiolg99/.m2/repository/antlr/antlr/2.7.7/antlr-2.7.7.jar:/Users/sergiolg99/.m2/repository/org/jboss/jandex/2.1.3.Final/jandex-2.1.3.Final.jar:/Users/sergiolg99/.m2/repository/com/fasterxml/classmate/1.5.1/classmate-1.5.1.jar:/Users/sergiolg99/.m2/repository/org/dom4j/dom4j/2.1.3/dom4j-2.1.3.jar:/Users/sergiolg99/.m2/repository/org/hibernate/common/hibernate-commons-annotations/5.1.2.Final/hibernate-commons-annotations-5.1.2.Final.jar:/Users/sergiolg99/.m2/repository/org/glassfish/jaxb/jaxb-runtime/2.3.3/jaxb-runtime-2.3.3.jar:/Users/sergiolg99/.m2/repository/org/glassfish/jaxb/txw2/2.3.3/txw2-2.3.3.jar:/Users/sergiolg99/.m2/repository/com/sun/istack/istack-commons-runtime/3.0.11/istack-commons-runtime-3.0.11.jar:/Users/sergiolg99/.m2/repository/com/sun/activation/jakarta.activation/1.2.2/jakarta.activation-1.2.2.jar:/Users/sergiolg99/.m2/repository/org/springframework/data/spring-data-jpa/2.4.3/spring-data-jpa-2.4.3.jar:/Users/sergiolg99/.m2/repository/org/springframework/data/spring-data-commons/2.4.3/spring-data-commons-2.4.3.jar:/Users/sergiolg99/.m2/repository/org/springframework/spring-orm/5.3.3/spring-orm-5.3.3.jar:/Users/sergiolg99/.m2/repository/org/springframework/spring-context/5.3.3/spring-context-5.3.3.jar:/Users/sergiolg99/.m2/repository/org/springframework/spring-tx/5.3.3/spring-tx-5.3.3.jar:/Users/sergiolg99/.m2/repository/org/springframework/spring-beans/5.3.3/spring-beans-5.3.3.jar:/Users/sergiolg99/.m2/repository/org/springframework/spring-aspects/5.3.3/spring-aspects-5.3.3.jar:/Users/sergiolg99/.m2/repository/org/projectlombok/lombok/1.18.16/lombok-1.18.16.jar:/Users/sergiolg99/.m2/repository/org/postgresql/postgresql/42.2.18/postgresql-42.2.18.jar:/Users/sergiolg99/.m2/repository/org/checkerframework/checker-qual/3.5.0/checker-qual-3.5.0.jar:"/>
    <property name="java.vm.vendor" value="Oracle Corporation"/>
    <property name="sun.arch.data.model" value="64"/>
    <property name="java.vendor.url" value="https://openjdk.java.net/"/>
    <property name="os.name" value="Mac OS X"/>
    <property name="java.vm.specification.version" value="15"/>
    <property name="sun.java.launcher" value="SUN_STANDARD"/>
    <property name="user.country" value="ES"/>
    <property name="sun.boot.library.path" value="/usr/local/Cellar/openjdk/15.0.1/libexec/openjdk.jdk/Contents/Home/lib"/>
    <property name="sun.java.command" value="/Users/sergiolg99/Documents/UFV/DIS_FINAL/Practica/Examen/ExamenFinaOrd/target/surefire/surefirebooter16363943440845663848.jar /Users/sergiolg99/Documents/UFV/DIS_FINAL/Practica/Examen/ExamenFinaOrd/target/surefire 2021-01-29T18-46-29_085-jvmRun1 surefire8417155532012031428tmp surefire_012848313037020064942tmp"/>
    <property name="http.nonProxyHosts" value="local|*.local|169.254/16|*.169.254/16"/>
    <property name="jdk.debug" value="release"/>
    <property name="surefire.test.class.path" value="/Users/sergiolg99/Documents/UFV/DIS_FINAL/Practica/Examen/ExamenFinaOrd/target/test-classes:/Users/sergiolg99/Documents/UFV/DIS_FINAL/Practica/Examen/ExamenFinaOrd/target/classes:/Users/sergiolg99/.m2/repository/com/vaadin/vaadin-spring-boot-starter/18.0.5/vaadin-spring-boot-starter-18.0.5.jar:/Users/sergiolg99/.m2/repository/com/vaadin/vaadin-spring/15.0.2/vaadin-spring-15.0.2.jar:/Users/sergiolg99/.m2/repository/com/vaadin/flow-server/5.0.2/flow-server-5.0.2.jar:/Users/sergiolg99/.m2/repository/com/vaadin/external/gwt/gwt-elemental/2.8.2.vaadin2/gwt-elemental-2.8.2.vaadin2.jar:/Users/sergiolg99/.m2/repository/commons-fileupload/commons-fileupload/1.3.3/commons-fileupload-1.3.3.jar:/Users/sergiolg99/.m2/repository/commons-io/commons-io/2.5/commons-io-2.5.jar:/Users/sergiolg99/.m2/repository/org/jsoup/jsoup/1.12.1/jsoup-1.12.1.jar:/Users/sergiolg99/.m2/repository/com/helger/ph-css/6.1.1/ph-css-6.1.1.jar:/Users/sergiolg99/.m2/repository/com/helger/ph-commons/9.1.2/ph-commons-9.1.2.jar:/Users/sergiolg99/.m2/repository/com/vaadin/external/gentyref/1.2.0.vaadin1/gentyref-1.2.0.vaadin1.jar:/Users/sergiolg99/.m2/repository/org/apache/commons/commons-compress/1.19/commons-compress-1.19.jar:/Users/sergiolg99/.m2/repository/org/apache/httpcomponents/httpclient/4.5.13/httpclient-4.5.13.jar:/Users/sergiolg99/.m2/repository/org/apache/httpcomponents/httpcore/4.4.14/httpcore-4.4.14.jar:/Users/sergiolg99/.m2/repository/commons-codec/commons-codec/1.15/commons-codec-1.15.jar:/Users/sergiolg99/.m2/repository/javax/validation/validation-api/2.0.1.Final/validation-api-2.0.1.Final.jar:/Users/sergiolg99/.m2/repository/com/fasterxml/jackson/core/jackson-annotations/2.11.4/jackson-annotations-2.11.4.jar:/Users/sergiolg99/.m2/repository/com/fasterxml/jackson/core/jackson-core/2.11.4/jackson-core-2.11.4.jar:/Users/sergiolg99/.m2/repository/com/fasterxml/jackson/core/jackson-databind/2.11.4/jackson-databind-2.11.4.jar:/Users/sergiolg99/.m2/repository/com/fasterxml/jackson/datatype/jackson-datatype-jsr310/2.11.4/jackson-datatype-jsr310-2.11.4.jar:/Users/sergiolg99/.m2/repository/javax/annotation/javax.annotation-api/1.3.2/javax.annotation-api-1.3.2.jar:/Users/sergiolg99/.m2/repository/com/github/javaparser/javaparser-symbol-solver-core/3.15.1/javaparser-symbol-solver-core-3.15.1.jar:/Users/sergiolg99/.m2/repository/com/github/javaparser/javaparser-symbol-solver-logic/3.15.1/javaparser-symbol-solver-logic-3.15.1.jar:/Users/sergiolg99/.m2/repository/com/github/javaparser/javaparser-symbol-solver-model/3.15.1/javaparser-symbol-solver-model-3.15.1.jar:/Users/sergiolg99/.m2/repository/com/github/javaparser/javaparser-core/3.15.1/javaparser-core-3.15.1.jar:/Users/sergiolg99/.m2/repository/com/google/guava/guava/27.0-jre/guava-27.0-jre.jar:/Users/sergiolg99/.m2/repository/com/google/guava/failureaccess/1.0/failureaccess-1.0.jar:/Users/sergiolg99/.m2/repository/com/google/guava/listenablefuture/9999.0-empty-to-avoid-conflict-with-guava/listenablefuture-9999.0-empty-to-avoid-conflict-with-guava.jar:/Users/sergiolg99/.m2/repository/com/google/code/findbugs/jsr305/3.0.2/jsr305-3.0.2.jar:/Users/sergiolg99/.m2/repository/com/google/errorprone/error_prone_annotations/2.2.0/error_prone_annotations-2.2.0.jar:/Users/sergiolg99/.m2/repository/com/google/j2objc/j2objc-annotations/1.1/j2objc-annotations-1.1.jar:/Users/sergiolg99/.m2/repository/org/codehaus/mojo/animal-sniffer-annotations/1.17/animal-sniffer-annotations-1.17.jar:/Users/sergiolg99/.m2/repository/io/swagger/codegen/v3/swagger-codegen/3.0.2/swagger-codegen-3.0.2.jar:/Users/sergiolg99/.m2/repository/io/swagger/core/v3/swagger-models/2.0.4/swagger-models-2.0.4.jar:/Users/sergiolg99/.m2/repository/io/swagger/swagger-parser/1.0.39/swagger-parser-1.0.39.jar:/Users/sergiolg99/.m2/repository/io/swagger/swagger-core/1.5.21/swagger-core-1.5.21.jar:/Users/sergiolg99/.m2/repository/io/swagger/swagger-models/1.5.21/swagger-models-1.5.21.jar:/Users/sergiolg99/.m2/repository/io/swagger/swagger-annotations/1.5.21/swagger-annotations-1.5.21.jar:/Users/sergiolg99/.m2/repository/io/swagger/core/v3/swagger-core/2.0.4/swagger-core-2.0.4.jar:/Users/sergiolg99/.m2/repository/javax/xml/bind/jaxb-api/2.3.1/jaxb-api-2.3.1.jar:/Users/sergiolg99/.m2/repository/javax/activation/javax.activation-api/1.2.0/javax.activation-api-1.2.0.jar:/Users/sergiolg99/.m2/repository/com/fasterxml/jackson/dataformat/jackson-dataformat-yaml/2.11.4/jackson-dataformat-yaml-2.11.4.jar:/Users/sergiolg99/.m2/repository/io/swagger/core/v3/swagger-annotations/2.0.4/swagger-annotations-2.0.4.jar:/Users/sergiolg99/.m2/repository/io/swagger/parser/v3/swagger-parser-core/2.0.5/swagger-parser-core-2.0.5.jar:/Users/sergiolg99/.m2/repository/io/swagger/parser/v3/swagger-parser-v3/2.0.5/swagger-parser-v3-2.0.5.jar:/Users/sergiolg99/.m2/repository/io/swagger/parser/v3/swagger-parser/2.0.5/swagger-parser-2.0.5.jar:/Users/sergiolg99/.m2/repository/io/swagger/parser/v3/swagger-parser-v2-converter/2.0.5/swagger-parser-v2-converter-2.0.5.jar:/Users/sergiolg99/.m2/repository/io/swagger/swagger-codegen/2.3.1/swagger-codegen-2.3.1.jar:/Users/sergiolg99/.m2/repository/io/swagger/swagger-compat-spec-parser/1.0.33/swagger-compat-spec-parser-1.0.33.jar:/Users/sergiolg99/.m2/repository/com/github/java-json-tools/json-schema-validator/2.2.8/json-schema-validator-2.2.8.jar:/Users/sergiolg99/.m2/repository/com/github/java-json-tools/json-schema-core/1.2.8/json-schema-core-1.2.8.jar:/Users/sergiolg99/.m2/repository/com/github/fge/uri-template/0.9/uri-template-0.9.jar:/Users/sergiolg99/.m2/repository/javax/mail/mailapi/1.4.3/mailapi-1.4.3.jar:/Users/sergiolg99/.m2/repository/javax/activation/activation/1.1/activation-1.1.jar:/Users/sergiolg99/.m2/repository/joda-time/joda-time/2.9.7/joda-time-2.9.7.jar:/Users/sergiolg99/.m2/repository/com/googlecode/libphonenumber/libphonenumber/8.0.0/libphonenumber-8.0.0.jar:/Users/sergiolg99/.m2/repository/net/sf/jopt-simple/jopt-simple/5.0.3/jopt-simple-5.0.3.jar:/Users/sergiolg99/.m2/repository/com/github/fge/json-patch/1.6/json-patch-1.6.jar:/Users/sergiolg99/.m2/repository/com/github/fge/jackson-coreutils/1.6/jackson-coreutils-1.6.jar:/Users/sergiolg99/.m2/repository/com/github/fge/msg-simple/1.1/msg-simple-1.1.jar:/Users/sergiolg99/.m2/repository/com/github/fge/btf/1.2/btf-1.2.jar:/Users/sergiolg99/.m2/repository/com/samskivert/jmustache/1.15/jmustache-1.15.jar:/Users/sergiolg99/.m2/repository/org/slf4j/slf4j-ext/1.7.30/slf4j-ext-1.7.30.jar:/Users/sergiolg99/.m2/repository/commons-cli/commons-cli/1.2/commons-cli-1.2.jar:/Users/sergiolg99/.m2/repository/com/github/jknack/handlebars/4.0.6/handlebars-4.0.6.jar:/Users/sergiolg99/.m2/repository/org/antlr/antlr4-runtime/4.5.1-1/antlr4-runtime-4.5.1-1.jar:/Users/sergiolg99/.m2/repository/org/mozilla/rhino/1.7R4/rhino-1.7R4.jar:/Users/sergiolg99/.m2/repository/com/atlassian/commonmark/commonmark/0.9.0/commonmark-0.9.0.jar:/Users/sergiolg99/.m2/repository/io/swagger/codegen/v3/swagger-codegen-generators/1.0.2/swagger-codegen-generators-1.0.2.jar:/Users/sergiolg99/.m2/repository/com/vaadin/flow-push/5.0.2/flow-push-5.0.2.jar:/Users/sergiolg99/.m2/repository/com/vaadin/external/atmosphere/atmosphere-runtime/2.4.30.slf4jvaadin1/atmosphere-runtime-2.4.30.slf4jvaadin1.jar:/Users/sergiolg99/.m2/repository/com/vaadin/flow-client/5.0.2/flow-client-5.0.2.jar:/Users/sergiolg99/.m2/repository/org/springframework/spring-webmvc/5.3.3/spring-webmvc-5.3.3.jar:/Users/sergiolg99/.m2/repository/org/springframework/spring-expression/5.3.3/spring-expression-5.3.3.jar:/Users/sergiolg99/.m2/repository/org/springframework/spring-websocket/5.3.3/spring-websocket-5.3.3.jar:/Users/sergiolg99/.m2/repository/org/hibernate/validator/hibernate-validator/6.1.7.Final/hibernate-validator-6.1.7.Final.jar:/Users/sergiolg99/.m2/repository/jakarta/validation/jakarta.validation-api/2.0.2/jakarta.validation-api-2.0.2.jar:/Users/sergiolg99/.m2/repository/com/vaadin/vaadin-core/18.0.5/vaadin-core-18.0.5.jar:/Users/sergiolg99/.m2/repository/com/vaadin/flow-lit-template/5.0.2/flow-lit-template-5.0.2.jar:/Users/sergiolg99/.m2/repository/com/vaadin/flow-polymer-template/5.0.2/flow-polymer-template-5.0.2.jar:/Users/sergiolg99/.m2/repository/com/vaadin/flow-html-components/5.0.2/flow-html-components-5.0.2.jar:/Users/sergiolg99/.m2/repository/com/vaadin/flow-data/5.0.2/flow-data-5.0.2.jar:/Users/sergiolg99/.m2/repository/com/vaadin/flow-dnd/5.0.2/flow-dnd-5.0.2.jar:/Users/sergiolg99/.m2/repository/org/webjars/npm/vaadin__vaadin-mobile-drag-drop/1.0.0/vaadin__vaadin-mobile-drag-drop-1.0.0.jar:/Users/sergiolg99/.m2/repository/org/webjars/npm/mobile-drag-drop/2.3.0-rc.1/mobile-drag-drop-2.3.0-rc.1.jar:/Users/sergiolg99/.m2/repository/com/vaadin/vaadin-lumo-theme/5.0.2/vaadin-lumo-theme-5.0.2.jar:/Users/sergiolg99/.m2/repository/com/vaadin/vaadin-material-theme/5.0.2/vaadin-material-theme-5.0.2.jar:/Users/sergiolg99/.m2/repository/com/vaadin/vaadin-accordion-flow/18.0.5/vaadin-accordion-flow-18.0.5.jar:/Users/sergiolg99/.m2/repository/com/vaadin/vaadin-avatar-flow/18.0.5/vaadin-avatar-flow-18.0.5.jar:/Users/sergiolg99/.m2/repository/com/vaadin/vaadin-button-flow/18.0.5/vaadin-button-flow-18.0.5.jar:/Users/sergiolg99/.m2/repository/com/vaadin/vaadin-checkbox-flow/18.0.5/vaadin-checkbox-flow-18.0.5.jar:/Users/sergiolg99/.m2/repository/com/vaadin/vaadin-combo-box-flow/18.0.5/vaadin-combo-box-flow-18.0.5.jar:/Users/sergiolg99/.m2/repository/com/vaadin/vaadin-custom-field-flow/18.0.5/vaadin-custom-field-flow-18.0.5.jar:/Users/sergiolg99/.m2/repository/com/vaadin/vaadin-date-picker-flow/18.0.5/vaadin-date-picker-flow-18.0.5.jar:/Users/sergiolg99/.m2/repository/com/vaadin/vaadin-date-time-picker-flow/18.0.5/vaadin-date-time-picker-flow-18.0.5.jar:/Users/sergiolg99/.m2/repository/com/vaadin/vaadin-details-flow/18.0.5/vaadin-details-flow-18.0.5.jar:/Users/sergiolg99/.m2/repository/com/vaadin/vaadin-time-picker-flow/18.0.5/vaadin-time-picker-flow-18.0.5.jar:/Users/sergiolg99/.m2/repository/com/vaadin/vaadin-select-flow/18.0.5/vaadin-select-flow-18.0.5.jar:/Users/sergiolg99/.m2/repository/com/vaadin/vaadin-dialog-flow/18.0.5/vaadin-dialog-flow-18.0.5.jar:/Users/sergiolg99/.m2/repository/com/vaadin/vaadin-form-layout-flow/18.0.5/vaadin-form-layout-flow-18.0.5.jar:/Users/sergiolg99/.m2/repository/com/vaadin/vaadin-grid-flow/18.0.5/vaadin-grid-flow-18.0.5.jar:/Users/sergiolg99/.m2/repository/org/apache/commons/commons-lang3/3.11/commons-lang3-3.11.jar:/Users/sergiolg99/.m2/repository/com/vaadin/vaadin-icons-flow/18.0.5/vaadin-icons-flow-18.0.5.jar:/Users/sergiolg99/.m2/repository/com/vaadin/vaadin-iron-list-flow/18.0.5/vaadin-iron-list-flow-18.0.5.jar:/Users/sergiolg99/.m2/repository/com/vaadin/vaadin-list-box-flow/18.0.5/vaadin-list-box-flow-18.0.5.jar:/Users/sergiolg99/.m2/repository/com/vaadin/vaadin-login-flow/18.0.5/vaadin-login-flow-18.0.5.jar:/Users/sergiolg99/.m2/repository/com/vaadin/vaadin-ordered-layout-flow/18.0.5/vaadin-ordered-layout-flow-18.0.5.jar:/Users/sergiolg99/.m2/repository/com/vaadin/vaadin-progress-bar-flow/18.0.5/vaadin-progress-bar-flow-18.0.5.jar:/Users/sergiolg99/.m2/repository/com/vaadin/vaadin-radio-button-flow/18.0.5/vaadin-radio-button-flow-18.0.5.jar:/Users/sergiolg99/.m2/repository/com/vaadin/vaadin-split-layout-flow/18.0.5/vaadin-split-layout-flow-18.0.5.jar:/Users/sergiolg99/.m2/repository/com/vaadin/vaadin-tabs-flow/18.0.5/vaadin-tabs-flow-18.0.5.jar:/Users/sergiolg99/.m2/repository/com/vaadin/vaadin-text-field-flow/18.0.5/vaadin-text-field-flow-18.0.5.jar:/Users/sergiolg99/.m2/repository/com/vaadin/vaadin-upload-flow/18.0.5/vaadin-upload-flow-18.0.5.jar:/Users/sergiolg99/.m2/repository/com/vaadin/vaadin-notification-flow/18.0.5/vaadin-notification-flow-18.0.5.jar:/Users/sergiolg99/.m2/repository/com/vaadin/vaadin-app-layout-flow/18.0.5/vaadin-app-layout-flow-18.0.5.jar:/Users/sergiolg99/.m2/repository/com/vaadin/vaadin-context-menu-flow/18.0.5/vaadin-context-menu-flow-18.0.5.jar:/Users/sergiolg99/.m2/repository/com/vaadin/vaadin-menu-bar-flow/18.0.5/vaadin-menu-bar-flow-18.0.5.jar:/Users/sergiolg99/.m2/repository/org/springframework/boot/spring-boot-starter-web/2.4.2/spring-boot-starter-web-2.4.2.jar:/Users/sergiolg99/.m2/repository/org/springframework/boot/spring-boot-starter-json/2.4.2/spring-boot-starter-json-2.4.2.jar:/Users/sergiolg99/.m2/repository/com/fasterxml/jackson/datatype/jackson-datatype-jdk8/2.11.4/jackson-datatype-jdk8-2.11.4.jar:/Users/sergiolg99/.m2/repository/com/fasterxml/jackson/module/jackson-module-parameter-names/2.11.4/jackson-module-parameter-names-2.11.4.jar:/Users/sergiolg99/.m2/repository/org/springframework/boot/spring-boot-starter-tomcat/2.4.2/spring-boot-starter-tomcat-2.4.2.jar:/Users/sergiolg99/.m2/repository/org/apache/tomcat/embed/tomcat-embed-core/9.0.41/tomcat-embed-core-9.0.41.jar:/Users/sergiolg99/.m2/repository/org/glassfish/jakarta.el/3.0.3/jakarta.el-3.0.3.jar:/Users/sergiolg99/.m2/repository/org/apache/tomcat/embed/tomcat-embed-websocket/9.0.41/tomcat-embed-websocket-9.0.41.jar:/Users/sergiolg99/.m2/repository/org/springframework/spring-web/5.3.3/spring-web-5.3.3.jar:/Users/sergiolg99/.m2/repository/com/h2database/h2/1.4.200/h2-1.4.200.jar:/Users/sergiolg99/.m2/repository/com/google/code/gson/gson/2.8.5/gson-2.8.5.jar:/Users/sergiolg99/.m2/repository/javax/xml/stream/stax-api/1.0-2/stax-api-1.0-2.jar:/Users/sergiolg99/.m2/repository/org/jetbrains/annotations-java5/20.1.0/annotations-java5-20.1.0.jar:/Users/sergiolg99/.m2/repository/org/springframework/boot/spring-boot-starter-test/2.4.2/spring-boot-starter-test-2.4.2.jar:/Users/sergiolg99/.m2/repository/org/springframework/boot/spring-boot-starter/2.4.2/spring-boot-starter-2.4.2.jar:/Users/sergiolg99/.m2/repository/org/springframework/boot/spring-boot/2.4.2/spring-boot-2.4.2.jar:/Users/sergiolg99/.m2/repository/org/springframework/boot/spring-boot-autoconfigure/2.4.2/spring-boot-autoconfigure-2.4.2.jar:/Users/sergiolg99/.m2/repository/org/springframework/boot/spring-boot-starter-logging/2.4.2/spring-boot-starter-logging-2.4.2.jar:/Users/sergiolg99/.m2/repository/ch/qos/logback/logback-classic/1.2.3/logback-classic-1.2.3.jar:/Users/sergiolg99/.m2/repository/ch/qos/logback/logback-core/1.2.3/logback-core-1.2.3.jar:/Users/sergiolg99/.m2/repository/org/apache/logging/log4j/log4j-to-slf4j/2.13.3/log4j-to-slf4j-2.13.3.jar:/Users/sergiolg99/.m2/repository/org/apache/logging/log4j/log4j-api/2.13.3/log4j-api-2.13.3.jar:/Users/sergiolg99/.m2/repository/org/slf4j/jul-to-slf4j/1.7.30/jul-to-slf4j-1.7.30.jar:/Users/sergiolg99/.m2/repository/jakarta/annotation/jakarta.annotation-api/1.3.5/jakarta.annotation-api-1.3.5.jar:/Users/sergiolg99/.m2/repository/org/yaml/snakeyaml/1.27/snakeyaml-1.27.jar:/Users/sergiolg99/.m2/repository/org/springframework/boot/spring-boot-test/2.4.2/spring-boot-test-2.4.2.jar:/Users/sergiolg99/.m2/repository/org/springframework/boot/spring-boot-test-autoconfigure/2.4.2/spring-boot-test-autoconfigure-2.4.2.jar:/Users/sergiolg99/.m2/repository/com/jayway/jsonpath/json-path/2.4.0/json-path-2.4.0.jar:/Users/sergiolg99/.m2/repository/net/minidev/json-smart/2.3/json-smart-2.3.jar:/Users/sergiolg99/.m2/repository/net/minidev/accessors-smart/1.2/accessors-smart-1.2.jar:/Users/sergiolg99/.m2/repository/org/ow2/asm/asm/5.0.4/asm-5.0.4.jar:/Users/sergiolg99/.m2/repository/org/slf4j/slf4j-api/1.7.30/slf4j-api-1.7.30.jar:/Users/sergiolg99/.m2/repository/jakarta/xml/bind/jakarta.xml.bind-api/2.3.3/jakarta.xml.bind-api-2.3.3.jar:/Users/sergiolg99/.m2/repository/jakarta/activation/jakarta.activation-api/1.2.2/jakarta.activation-api-1.2.2.jar:/Users/sergiolg99/.m2/repository/org/assertj/assertj-core/3.18.1/assertj-core-3.18.1.jar:/Users/sergiolg99/.m2/repository/org/hamcrest/hamcrest/2.2/hamcrest-2.2.jar:/Users/sergiolg99/.m2/repository/org/junit/jupiter/junit-jupiter/5.7.0/junit-jupiter-5.7.0.jar:/Users/sergiolg99/.m2/repository/org/junit/jupiter/junit-jupiter-api/5.7.0/junit-jupiter-api-5.7.0.jar:/Users/sergiolg99/.m2/repository/org/apiguardian/apiguardian-api/1.1.0/apiguardian-api-1.1.0.jar:/Users/sergiolg99/.m2/repository/org/opentest4j/opentest4j/1.2.0/opentest4j-1.2.0.jar:/Users/sergiolg99/.m2/repository/org/junit/platform/junit-platform-commons/1.7.0/junit-platform-commons-1.7.0.jar:/Users/sergiolg99/.m2/repository/org/junit/jupiter/junit-jupiter-params/5.7.0/junit-jupiter-params-5.7.0.jar:/Users/sergiolg99/.m2/repository/org/junit/jupiter/junit-jupiter-engine/5.7.0/junit-jupiter-engine-5.7.0.jar:/Users/sergiolg99/.m2/repository/org/junit/platform/junit-platform-engine/1.7.0/junit-platform-engine-1.7.0.jar:/Users/sergiolg99/.m2/repository/org/mockito/mockito-core/3.6.28/mockito-core-3.6.28.jar:/Users/sergiolg99/.m2/repository/net/bytebuddy/byte-buddy/1.10.19/byte-buddy-1.10.19.jar:/Users/sergiolg99/.m2/repository/net/bytebuddy/byte-buddy-agent/1.10.19/byte-buddy-agent-1.10.19.jar:/Users/sergiolg99/.m2/repository/org/objenesis/objenesis/3.1/objenesis-3.1.jar:/Users/sergiolg99/.m2/repository/org/mockito/mockito-junit-jupiter/3.6.28/mockito-junit-jupiter-3.6.28.jar:/Users/sergiolg99/.m2/repository/org/skyscreamer/jsonassert/1.5.0/jsonassert-1.5.0.jar:/Users/sergiolg99/.m2/repository/com/vaadin/external/google/android-json/0.0.20131108.vaadin1/android-json-0.0.20131108.vaadin1.jar:/Users/sergiolg99/.m2/repository/org/springframework/spring-core/5.3.3/spring-core-5.3.3.jar:/Users/sergiolg99/.m2/repository/org/springframework/spring-jcl/5.3.3/spring-jcl-5.3.3.jar:/Users/sergiolg99/.m2/repository/org/springframework/spring-test/5.3.3/spring-test-5.3.3.jar:/Users/sergiolg99/.m2/repository/org/xmlunit/xmlunit-core/2.7.0/xmlunit-core-2.7.0.jar:/Users/sergiolg99/.m2/repository/org/springframework/boot/spring-boot-starter-data-jpa/2.4.2/spring-boot-starter-data-jpa-2.4.2.jar:/Users/sergiolg99/.m2/repository/org/springframework/boot/spring-boot-starter-aop/2.4.2/spring-boot-starter-aop-2.4.2.jar:/Users/sergiolg99/.m2/repository/org/springframework/spring-aop/5.3.3/spring-aop-5.3.3.jar:/Users/sergiolg99/.m2/repository/org/aspectj/aspectjweaver/1.9.6/aspectjweaver-1.9.6.jar:/Users/sergiolg99/.m2/repository/org/springframework/boot/spring-boot-starter-jdbc/2.4.2/spring-boot-starter-jdbc-2.4.2.jar:/Users/sergiolg99/.m2/repository/com/zaxxer/HikariCP/3.4.5/HikariCP-3.4.5.jar:/Users/sergiolg99/.m2/repository/org/springframework/spring-jdbc/5.3.3/spring-jdbc-5.3.3.jar:/Users/sergiolg99/.m2/repository/jakarta/transaction/jakarta.transaction-api/1.3.3/jakarta.transaction-api-1.3.3.jar:/Users/sergiolg99/.m2/repository/jakarta/persistence/jakarta.persistence-api/2.2.3/jakarta.persistence-api-2.2.3.jar:/Users/sergiolg99/.m2/repository/org/hibernate/hibernate-core/5.4.27.Final/hibernate-core-5.4.27.Final.jar:/Users/sergiolg99/.m2/repository/org/jboss/logging/jboss-logging/3.4.1.Final/jboss-logging-3.4.1.Final.jar:/Users/sergiolg99/.m2/repository/org/javassist/javassist/3.27.0-GA/javassist-3.27.0-GA.jar:/Users/sergiolg99/.m2/repository/antlr/antlr/2.7.7/antlr-2.7.7.jar:/Users/sergiolg99/.m2/repository/org/jboss/jandex/2.1.3.Final/jandex-2.1.3.Final.jar:/Users/sergiolg99/.m2/repository/com/fasterxml/classmate/1.5.1/classmate-1.5.1.jar:/Users/sergiolg99/.m2/repository/org/dom4j/dom4j/2.1.3/dom4j-2.1.3.jar:/Users/sergiolg99/.m2/repository/org/hibernate/common/hibernate-commons-annotations/5.1.2.Final/hibernate-commons-annotations-5.1.2.Final.jar:/Users/sergiolg99/.m2/repository/org/glassfish/jaxb/jaxb-runtime/2.3.3/jaxb-runtime-2.3.3.jar:/Users/sergiolg99/.m2/repository/org/glassfish/jaxb/txw2/2.3.3/txw2-2.3.3.jar:/Users/sergiolg99/.m2/repository/com/sun/istack/istack-commons-runtime/3.0.11/istack-commons-runtime-3.0.11.jar:/Users/sergiolg99/.m2/repository/com/sun/activation/jakarta.activation/1.2.2/jakarta.activation-1.2.2.jar:/Users/sergiolg99/.m2/repository/org/springframework/data/spring-data-jpa/2.4.3/spring-data-jpa-2.4.3.jar:/Users/sergiolg99/.m2/repository/org/springframework/data/spring-data-commons/2.4.3/spring-data-commons-2.4.3.jar:/Users/sergiolg99/.m2/repository/org/springframework/spring-orm/5.3.3/spring-orm-5.3.3.jar:/Users/sergiolg99/.m2/repository/org/springframework/spring-context/5.3.3/spring-context-5.3.3.jar:/Users/sergiolg99/.m2/repository/org/springframework/spring-tx/5.3.3/spring-tx-5.3.3.jar:/Users/sergiolg99/.m2/repository/org/springframework/spring-beans/5.3.3/spring-beans-5.3.3.jar:/Users/sergiolg99/.m2/repository/org/springframework/spring-aspects/5.3.3/spring-aspects-5.3.3.jar:/Users/sergiolg99/.m2/repository/org/projectlombok/lombok/1.18.16/lombok-1.18.16.jar:/Users/sergiolg99/.m2/repository/org/postgresql/postgresql/42.2.18/postgresql-42.2.18.jar:/Users/sergiolg99/.m2/repository/org/checkerframework/checker-qual/3.5.0/checker-qual-3.5.0.jar:"/>
    <property name="sun.cpu.endian" value="little"/>
    <property name="user.home" value="/Users/sergiolg99"/>
    <property name="user.language" value="es"/>
    <property name="java.specification.vendor" value="Oracle Corporation"/>
    <property name="java.version.date" value="2020-10-20"/>
    <property name="java.home" value="/usr/local/Cellar/openjdk/15.0.1/libexec/openjdk.jdk/Contents/Home"/>
    <property name="file.separator" value="/"/>
    <property name="basedir" value="/Users/sergiolg99/Documents/UFV/DIS_FINAL/Practica/Examen/ExamenFinaOrd"/>
    <property name="java.vm.compressedOopsMode" value="Zero based"/>
    <property name="line.separator" value="&#10;"/>
    <property name="java.specification.name" value="Java Platform API Specification"/>
    <property name="java.vm.specification.vendor" value="Oracle Corporation"/>
    <property name="surefire.real.class.path" value="/Users/sergiolg99/Documents/UFV/DIS_FINAL/Practica/Examen/ExamenFinaOrd/target/surefire/surefirebooter16363943440845663848.jar"/>
    <property name="sun.management.compiler" value="HotSpot 64-Bit Tiered Compilers"/>
    <property name="ftp.nonProxyHosts" value="local|*.local|169.254/16|*.169.254/16"/>
    <property name="java.runtime.version" value="15.0.1+9"/>
    <property name="user.name" value="sergiolg99"/>
    <property name="path.separator" value=":"/>
    <property name="os.version" value="10.15.7"/>
    <property name="java.runtime.name" value="OpenJDK Runtime Environment"/>
    <property name="file.encoding" value="UTF-8"/>
    <property name="java.vm.name" value="OpenJDK 64-Bit Server VM"/>
    <property name="localRepository" value="/Users/sergiolg99/.m2/repository"/>
    <property name="java.vendor.url.bug" value="https://bugreport.java.com/bugreport/"/>
    <property name="java.io.tmpdir" value="/var/folders/53/rgtysfxj3_s5_s8kmzvfcyqh0000gn/T/"/>
    <property name="java.version" value="15.0.1"/>
    <property name="user.dir" value="/Users/sergiolg99/Documents/UFV/DIS_FINAL/Practica/Examen/ExamenFinaOrd"/>
    <property name="os.arch" value="x86_64"/>
    <property name="java.vm.specification.name" value="Java Virtual Machine Specification"/>
    <property name="java.library.path" value="/Users/sergiolg99/Library/Java/Extensions:/Library/Java/Extensions:/Network/Library/Java/Extensions:/System/Library/Java/Extensions:/usr/lib/java:."/>
    <property name="java.vm.info" value="mixed mode, sharing"/>
    <property name="java.vendor" value="N/A"/>
    <property name="java.vm.version" value="15.0.1+9"/>
    <property name="sun.io.unicode.encoding" value="UnicodeBig"/>
    <property name="socksNonProxyHosts" value="local|*.local|169.254/16|*.169.254/16"/>
    <property name="java.class.version" value="59.0"/>
  </properties>
  <testcase name="contextLoads" classname="ufv.dis.final2020.SLG.SlgApplicationTests" time="0.29"/>
</testsuite>